<?xml version="1.0" encoding="UTF-8"?>
<!-- Generated by org.testng.reporters.JUnitReportReporter -->
<testsuite hostname="DESKTOP-JKM4S1A" failures="0" tests="4" name="com.onsite.mom_test_page.Create_MOM_Test" time="29.640" errors="0" timestamp="2025-08-27T12:03:30 IST" skipped="0">
  <testcase classname="com.onsite.mom_test_page.Create_MOM_Test" name="getCompanyUserId" time="6.642"/>
  <system-out/>
  <testcase classname="com.onsite.mom_test_page.Create_MOM_Test" name="getProjectId" time="5.779"/>
  <system-out/>
  <testcase classname="com.onsite.mom_test_page.Create_MOM_Test" name="createMOM" time="13.389"/>
  <system-out/>
  <testcase classname="com.onsite.mom_test_page.Create_MOM_Test" name="getMOM" time="3.830"/>
  <system-out/>
</testsuite> <!-- com.onsite.mom_test_page.Create_MOM_Test -->
