<?xml version="1.0" encoding="UTF-8"?>
<!-- Generated by org.testng.reporters.JUnitReportReporter -->
<testsuite hostname="DESKTOP-JKM4S1A" failures="0" tests="1" name="com.onsite.timesheet_test_page.TimeSheetEditTest" time="0.694" errors="0" timestamp="2025-07-15T15:13:02 IST" skipped="0">
  <testcase classname="com.onsite.timesheet_test_page.TimeSheetEditTest" name="editTimeSheet" time="0.694"/>
  <system-out/>
</testsuite> <!-- com.onsite.timesheet_test_page.TimeSheetEditTest -->
