<?xml version="1.0" encoding="UTF-8"?>
<!-- Generated by org.testng.reporters.JUnitReportReporter -->
<testsuite hostname="DESKTOP-JKM4S1A" failures="0" tests="1" name="com.onsite.timesheet_test_page.TimeSheetDetailsTest" time="0.805" errors="0" timestamp="2025-07-15T15:13:02 IST" skipped="0">
  <testcase classname="com.onsite.timesheet_test_page.TimeSheetDetailsTest" name="getTimeSheet" time="0.805"/>
  <system-out/>
</testsuite> <!-- com.onsite.timesheet_test_page.TimeSheetDetailsTest -->
