<?xml version="1.0" encoding="UTF-8"?>
<!-- Generated by org.testng.reporters.JUnitReportReporter -->
<testsuite hostname="DESKTOP-JKM4S1A" failures="0" tests="1" name="com.onsite.mom_test_page.List_MOM_Test" time="8.559" errors="0" timestamp="2025-09-17T13:06:30 IST" skipped="0">
  <testcase classname="com.onsite.mom_test_page.List_MOM_Test" name="getlistMomWithPagination" time="8.559"/>
  <system-out/>
</testsuite> <!-- com.onsite.mom_test_page.List_MOM_Test -->
