<?xml version="1.0" encoding="UTF-8"?>
<!-- Generated by org.testng.reporters.JUnitReportReporter -->
<testsuite hostname="DESKTOP-JKM4S1A" failures="0" tests="2" name="com.onsite.project_test_page.ProjectUpdateTest" time="1.677" errors="0" timestamp="2025-07-15T14:51:30 IST" skipped="0">
  <testcase classname="com.onsite.project_test_page.ProjectUpdateTest" name="editProject" time="0.686"/>
  <system-out/>
  <testcase classname="com.onsite.project_test_page.ProjectUpdateTest" name="getUpdatedProject" time="0.991"/>
  <system-out/>
</testsuite> <!-- com.onsite.project_test_page.ProjectUpdateTest -->
