<?xml version="1.0" encoding="UTF-8"?>
<!-- Generated by org.testng.reporters.JUnitReportReporter -->
<testsuite hostname="DESKTOP-JKM4S1A" failures="0" tests="2" name="responseBody.ProjectTest" time="7.012" errors="0" timestamp="2025-06-19T18:34:24 IST" skipped="0">
  <testcase classname="responseBody.ProjectTest" name="craeteProject" time="5.566"/>
  <system-out/>
  <testcase classname="responseBody.ProjectTest" name="getProject" time="1.446"/>
  <system-out/>
</testsuite> <!-- responseBody.ProjectTest -->
