<?xml version="1.0" encoding="UTF-8"?>
<!-- Generated by org.testng.reporters.JUnitReportReporter -->
<testsuite hostname="DESKTOP-JKM4S1A" failures="0" tests="2" name="com.onsite.timesheet_test_page.TimeSheetCreateTest" time="3.270" errors="0" timestamp="2025-07-06T13:50:34 IST" skipped="0">
  <testcase classname="com.onsite.timesheet_test_page.TimeSheetCreateTest" name="postTimesheet" time="2.337"/>
  <system-out/>
  <testcase classname="com.onsite.timesheet_test_page.TimeSheetCreateTest" name="getTimeSheet" time="0.933"/>
  <system-out/>
</testsuite> <!-- com.onsite.timesheet_test_page.TimeSheetCreateTest -->
