<?xml version="1.0" encoding="UTF-8"?>
<!-- Generated by org.testng.reporters.JUnitReportReporter -->
<testsuite hostname="DESKTOP-JKM4S1A" failures="0" tests="2" name="com.onsite.timesheet_test_page.TimeSheetCreateTest" time="2.679" errors="0" timestamp="2025-07-10T14:58:45 IST" skipped="0">
  <testcase classname="com.onsite.timesheet_test_page.TimeSheetCreateTest" name="postTimesheet" time="1.614"/>
  <system-out/>
  <testcase classname="com.onsite.timesheet_test_page.TimeSheetCreateTest" name="getTimeSheet" time="1.065"/>
  <system-out/>
</testsuite> <!-- com.onsite.timesheet_test_page.TimeSheetCreateTest -->
