<?xml version="1.0" encoding="UTF-8"?>
<!-- Generated by org.testng.reporters.JUnitReportReporter -->
<testsuite hostname="DESKTOP-JKM4S1A" failures="0" tests="2" name="com.onsite.credit_note_test_page.CreditNoteCreateTest" time="8.246" errors="0" timestamp="2025-07-29T18:09:53 IST" skipped="0">
  <testcase classname="com.onsite.credit_note_test_page.CreditNoteCreateTest" name="postCreditNote" time="4.410"/>
  <system-out/>
  <testcase classname="com.onsite.credit_note_test_page.CreditNoteCreateTest" name="getCreditNote" time="3.836"/>
  <system-out/>
</testsuite> <!-- com.onsite.credit_note_test_page.CreditNoteCreateTest -->
