<?xml version="1.0" encoding="UTF-8"?>
<!-- Generated by org.testng.reporters.JUnitReportReporter -->
<testsuite hostname="DESKTOP-JKM4S1A" failures="0" tests="1" name="com.onsite.timesheet_test_page.TimesheetListParty_TestPage" time="11.645" errors="0" timestamp="2025-07-31T16:11:14 IST" skipped="0">
  <testcase classname="com.onsite.timesheet_test_page.TimesheetListParty_TestPage" name="timesheetListParty" time="11.645"/>
  <system-out/>
</testsuite> <!-- com.onsite.timesheet_test_page.TimesheetListParty_TestPage -->
