<?xml version="1.0" encoding="UTF-8"?>
<!-- Generated by org.testng.reporters.JUnitReportReporter -->
<testsuite hostname="DESKTOP-JKM4S1A" failures="0" tests="1" name="com.onsite.timesheet_test_page.TimeSheetSearchTest" time="5.642" errors="0" timestamp="2025-08-04T14:20:24 IST" skipped="0">
  <testcase classname="com.onsite.timesheet_test_page.TimeSheetSearchTest" name="searchTimeSheet" time="5.642"/>
  <system-out/>
</testsuite> <!-- com.onsite.timesheet_test_page.TimeSheetSearchTest -->
