<?xml version="1.0" encoding="UTF-8"?>
<!-- Generated by org.testng.reporters.JUnitReportReporter -->
<testsuite hostname="DESKTOP-JKM4S1A" failures="0" tests="1" name="com.onsite.test_page.ProjectGetTest" time="0.745" errors="0" timestamp="2025-06-30T15:58:28 IST" skipped="0">
  <testcase classname="com.onsite.test_page.ProjectGetTest" name="getProjectDeatils" time="0.745"/>
  <system-out/>
</testsuite> <!-- com.onsite.test_page.ProjectGetTest -->
