<?xml version="1.0" encoding="UTF-8"?>
<!-- Generated by org.testng.reporters.JUnitReportReporter -->
<testsuite hostname="DESKTOP-JKM4S1A" failures="0" tests="1" name="com.onsite.timesheet_test_page.TimeSheetListTest" time="46.178" errors="0" timestamp="2025-07-31T16:10:50 IST" skipped="0">
  <testcase classname="com.onsite.timesheet_test_page.TimeSheetListTest" name="listTimeSheet" time="46.178"/>
  <system-out/>
</testsuite> <!-- com.onsite.timesheet_test_page.TimeSheetListTest -->
