<?xml version="1.0" encoding="UTF-8"?>
<!-- Generated by org.testng.reporters.JUnitReportReporter -->
<testsuite hostname="DESKTOP-JKM4S1A" failures="0" tests="2" name="com.onsite.test_page.CreateProjectTest" time="3.513" errors="0" timestamp="2025-06-28T09:25:45 IST" skipped="0">
  <testcase classname="com.onsite.test_page.CreateProjectTest" name="createProject" time="2.139"/>
  <system-out/>
  <testcase classname="com.onsite.test_page.CreateProjectTest" name="getProject" time="1.374"/>
  <system-out/>
</testsuite> <!-- com.onsite.test_page.CreateProjectTest -->
