<?xml version="1.0" encoding="UTF-8"?>
<!-- Generated by org.testng.reporters.JUnitReportReporter -->
<testsuite hostname="DESKTOP-JKM4S1A" failures="0" tests="3" name="com.onsite.credit_note_test_page.CreditNoteEditTest" time="11.944" errors="0" timestamp="2025-07-29T18:09:53 IST" skipped="0">
  <testcase classname="com.onsite.credit_note_test_page.CreditNoteEditTest" name="editCreditNote" time="4.754"/>
  <system-out/>
  <testcase classname="com.onsite.credit_note_test_page.CreditNoteEditTest" name="editCreditNote" time="4.168"/>
  <system-out/>
  <testcase classname="com.onsite.credit_note_test_page.CreditNoteEditTest" name="getCreditNote" time="3.022"/>
  <system-out/>
</testsuite> <!-- com.onsite.credit_note_test_page.CreditNoteEditTest -->
