<?xml version="1.0" encoding="UTF-8"?>
<!-- Generated by org.testng.reporters.JUnitReportReporter -->
<testsuite hostname="DESKTOP-JKM4S1A" failures="0" tests="1" name="com.onsite.mom_test_page.List_Mom_Attendee" time="9.076" errors="0" timestamp="2025-09-17T19:00:13 IST" skipped="0">
  <testcase classname="com.onsite.mom_test_page.List_Mom_Attendee" name="listMomAttendee" time="9.076"/>
  <system-out/>
</testsuite> <!-- com.onsite.mom_test_page.List_Mom_Attendee -->
