<?xml version="1.0" encoding="UTF-8"?>
<!-- Generated by org.testng.reporters.JUnitReportReporter -->
<testsuite hostname="DESKTOP-JKM4S1A" failures="0" tests="4" name="com.onsite.mom_test_page.Create_MOM_Test" time="32.713" errors="0" timestamp="2025-08-27T10:47:36 IST" skipped="0">
  <testcase classname="com.onsite.mom_test_page.Create_MOM_Test" name="getCompanyUserId" time="6.458"/>
  <system-out/>
  <testcase classname="com.onsite.mom_test_page.Create_MOM_Test" name="getProjectId" time="6.191"/>
  <system-out/>
  <testcase classname="com.onsite.mom_test_page.Create_MOM_Test" name="createMOM" time="15.786"/>
  <system-out/>
  <testcase classname="com.onsite.mom_test_page.Create_MOM_Test" name="getMOM" time="4.278"/>
  <system-out/>
</testsuite> <!-- com.onsite.mom_test_page.Create_MOM_Test -->
