<?xml version="1.0" encoding="UTF-8"?>
<!-- Generated by org.testng.reporters.JUnitReportReporter -->
<testsuite hostname="DESKTOP-JKM4S1A" failures="0" tests="1" name="com.onsite.credit_note_test_page.CreditNoteApproval_test" time="5.274" errors="0" timestamp="2025-08-04T16:00:04 IST" skipped="0">
  <testcase classname="com.onsite.credit_note_test_page.CreditNoteApproval_test" name="approvalCreditNote" time="5.274"/>
  <system-out/>
</testsuite> <!-- com.onsite.credit_note_test_page.CreditNoteApproval_test -->
