<?xml version="1.0" encoding="UTF-8"?>
<!-- Generated by org.testng.reporters.JUnitReportReporter -->
<testsuite hostname="DESKTOP-JKM4S1A" failures="0" tests="5" name="com.onsite.mom_test_page.Edit_MOM_Test" time="35.728" errors="0" timestamp="2025-09-04T17:51:57 IST" skipped="0">
  <testcase classname="com.onsite.mom_test_page.Edit_MOM_Test" name="getlistMom" time="8.871"/>
  <system-out/>
  <testcase classname="com.onsite.mom_test_page.Edit_MOM_Test" name="getlistAttendeeMom" time="3.826"/>
  <system-out/>
  <testcase classname="com.onsite.mom_test_page.Edit_MOM_Test" name="getlistProjectMom" time="3.754"/>
  <system-out/>
  <testcase classname="com.onsite.mom_test_page.Edit_MOM_Test" name="editMom" time="15.648"/>
  <system-out/>
  <testcase classname="com.onsite.mom_test_page.Edit_MOM_Test" name="geteditdata" time="3.629"/>
  <system-out/>
</testsuite> <!-- com.onsite.mom_test_page.Edit_MOM_Test -->
