<?xml version="1.0" encoding="UTF-8"?>
<!-- Generated by org.testng.reporters.JUnitReportReporter -->
<testsuite hostname="DESKTOP-JKM4S1A" failures="0" tests="5" name="com.onsite.mom_test_page.Edit_MOM_Test" time="42.446" errors="0" timestamp="2025-09-05T16:28:57 IST" skipped="0">
  <testcase classname="com.onsite.mom_test_page.Edit_MOM_Test" name="getlistMom" time="9.142"/>
  <system-out/>
  <testcase classname="com.onsite.mom_test_page.Edit_MOM_Test" name="getlistAttendeeMom" time="3.959"/>
  <system-out/>
  <testcase classname="com.onsite.mom_test_page.Edit_MOM_Test" name="getlistProjectMom" time="3.706"/>
  <system-out/>
  <testcase classname="com.onsite.mom_test_page.Edit_MOM_Test" name="editMom" time="18.320"/>
  <system-out/>
  <testcase classname="com.onsite.mom_test_page.Edit_MOM_Test" name="geteditdata" time="7.319"/>
  <system-out/>
</testsuite> <!-- com.onsite.mom_test_page.Edit_MOM_Test -->
