<?xml version="1.0" encoding="UTF-8"?>
<!-- Generated by org.testng.reporters.JUnitReportReporter -->
<testsuite hostname="DESKTOP-JKM4S1A" failures="0" tests="2" name="com.onsite.project_test_page.ProjectCreateTest" time="3.554" errors="0" timestamp="2025-07-06T12:59:21 IST" skipped="0">
  <testcase classname="com.onsite.project_test_page.ProjectCreateTest" name="createProject" time="2.443"/>
  <system-out/>
  <testcase classname="com.onsite.project_test_page.ProjectCreateTest" name="getProject" time="1.111"/>
  <system-out/>
</testsuite> <!-- com.onsite.project_test_page.ProjectCreateTest -->
