<?xml version="1.0" encoding="UTF-8"?>
<!-- Generated by org.testng.reporters.JUnitReportReporter -->
<testsuite hostname="DESKTOP-JKM4S1A" failures="0" tests="1" name="com.onsite.test_page.GetProjectTest" time="1.152" errors="0" timestamp="2025-06-28T09:25:45 IST" skipped="0">
  <testcase classname="com.onsite.test_page.GetProjectTest" name="getProjectDeatils" time="1.152"/>
  <system-out/>
</testsuite> <!-- com.onsite.test_page.GetProjectTest -->
