<?xml version="1.0" encoding="UTF-8"?>
<!-- Generated by org.testng.reporters.JUnitReportReporter -->
<testsuite hostname="DESKTOP-JKM4S1A" failures="0" tests="1" name="com.onsite.credit_note_test_page.CreditNoteDeleteTest" time="3.953" errors="0" timestamp="2025-07-29T18:09:53 IST" skipped="0">
  <testcase classname="com.onsite.credit_note_test_page.CreditNoteDeleteTest" name="deleteCreditNote" time="3.953"/>
  <system-out/>
</testsuite> <!-- com.onsite.credit_note_test_page.CreditNoteDeleteTest -->
