<?xml version="1.0" encoding="UTF-8"?>
<!-- Generated by org.testng.reporters.JUnitReportReporter -->
<testsuite hostname="DESKTOP-JKM4S1A" failures="0" tests="1" name="com.onsite.credit_note_test_page.CreditNoteAddItemTest" time="12.290" errors="0" timestamp="2025-08-05T23:47:20 IST" skipped="0">
  <testcase classname="com.onsite.credit_note_test_page.CreditNoteAddItemTest" name="addCreditItem" time="12.290"/>
  <system-out/>
</testsuite> <!-- com.onsite.credit_note_test_page.CreditNoteAddItemTest -->
