<?xml version="1.0" encoding="UTF-8"?>
<!-- Generated by org.testng.reporters.JUnitReportReporter -->
<testsuite hostname="DESKTOP-JKM4S1A" failures="0" tests="2" name="com.onsite.test_page.ProjectEditStatusTest" time="1.326" errors="0" timestamp="2025-06-30T15:58:28 IST" skipped="0">
  <testcase classname="com.onsite.test_page.ProjectEditStatusTest" name="editStatusProject" time="0.517"/>
  <system-out/>
  <testcase classname="com.onsite.test_page.ProjectEditStatusTest" name="getProjectStatus" time="0.809"/>
  <system-out/>
</testsuite> <!-- com.onsite.test_page.ProjectEditStatusTest -->
