<?xml version="1.0" encoding="UTF-8"?>
<!-- Generated by org.testng.reporters.JUnitReportReporter -->
<testsuite hostname="DESKTOP-JKM4S1A" failures="0" tests="1" name="com.onsite.mom_test_page.List_Mom_Project_Test" time="8.144" errors="0" timestamp="2025-09-17T16:03:29 IST" skipped="0">
  <testcase classname="com.onsite.mom_test_page.List_Mom_Project_Test" name="getListMomProject" time="8.144"/>
  <system-out/>
</testsuite> <!-- com.onsite.mom_test_page.List_Mom_Project_Test -->
