<?xml version="1.0" encoding="UTF-8"?>
<!-- Generated by org.testng.reporters.JUnitReportReporter -->
<testsuite hostname="DESKTOP-JKM4S1A" failures="0" tests="1" name="com.onsite.project_test_page.ProjectGetTest" time="1.249" errors="0" timestamp="2025-06-30T22:10:49 IST" skipped="0">
  <testcase classname="com.onsite.project_test_page.ProjectGetTest" name="getProjectDeatils" time="1.249"/>
  <system-out/>
</testsuite> <!-- com.onsite.project_test_page.ProjectGetTest -->
