<?xml version="1.0" encoding="UTF-8"?>
<!-- Generated by org.testng.reporters.JUnitReportReporter -->
<testsuite hostname="DESKTOP-JKM4S1A" failures="0" tests="1" name="projectTest.GetProject" time="5.564" errors="0" timestamp="2025-06-18T08:55:36 IST" skipped="0">
  <testcase classname="projectTest.GetProject" name="GetProjectTest" time="5.564"/>
  <system-out/>
</testsuite> <!-- projectTest.GetProject -->
