<?xml version="1.0" encoding="UTF-8"?>
<!-- Generated by org.testng.reporters.JUnitReportReporter -->
<testsuite hostname="DESKTOP-JKM4S1A" failures="0" tests="5" name="com.onsite.mom_test_page.Edit_MOM_Test" time="36.403" errors="0" timestamp="2025-09-05T17:08:13 IST" skipped="0">
  <testcase classname="com.onsite.mom_test_page.Edit_MOM_Test" name="getlistMom" time="9.055"/>
  <system-out/>
  <testcase classname="com.onsite.mom_test_page.Edit_MOM_Test" name="getlistAttendeeMom" time="3.957"/>
  <system-out/>
  <testcase classname="com.onsite.mom_test_page.Edit_MOM_Test" name="getlistProjectMom" time="3.834"/>
  <system-out/>
  <testcase classname="com.onsite.mom_test_page.Edit_MOM_Test" name="editMom" time="15.214"/>
  <system-out/>
  <testcase classname="com.onsite.mom_test_page.Edit_MOM_Test" name="geteditdata" time="4.343"/>
  <system-out/>
</testsuite> <!-- com.onsite.mom_test_page.Edit_MOM_Test -->
