<?xml version="1.0" encoding="UTF-8"?>
<!-- Generated by org.testng.reporters.JUnitReportReporter -->
<testsuite hostname="DESKTOP-JKM4S1A" failures="0" tests="1" name="projectTest.PostProject" time="5.412" errors="0" timestamp="2025-06-18T09:19:11 IST" skipped="0">
  <testcase classname="projectTest.PostProject" name="testPost" time="5.412"/>
  <system-out/>
</testsuite> <!-- projectTest.PostProject -->
