<?xml version="1.0" encoding="UTF-8"?>
<!-- Generated by org.testng.reporters.JUnitReportReporter -->
<testsuite hostname="DESKTOP-JKM4S1A" failures="0" tests="1" name="com.onsite.timesheet_test_page.TimeSheetListTest" time="43.355" errors="0" timestamp="2025-07-30T22:56:53 IST" skipped="0">
  <testcase classname="com.onsite.timesheet_test_page.TimeSheetListTest" name="listtimesheet" time="43.355"/>
  <system-out/>
</testsuite> <!-- com.onsite.timesheet_test_page.TimeSheetListTest -->
