<?xml version="1.0" encoding="UTF-8"?>
<!-- Generated by org.testng.reporters.JUnitReportReporter -->
<testsuite hostname="DESKTOP-JKM4S1A" failures="0" tests="2" name="responseBody.HashMapBody" time="5.440" errors="0" timestamp="2025-06-19T00:16:14 IST" skipped="0">
  <testcase classname="responseBody.HashMapBody" name="testProject" time="4.159"/>
  <system-out/>
  <testcase classname="responseBody.HashMapBody" name="getProjectDetails" time="1.281"/>
  <system-out/>
</testsuite> <!-- responseBody.HashMapBody -->
