<?xml version="1.0" encoding="UTF-8"?>
<!-- Generated by org.testng.reporters.JUnitReportReporter -->
<testsuite hostname="DESKTOP-JKM4S1A" failures="0" tests="2" name="com.onsite.credit_note_test_page.CreditNoteCreateTest" time="11.079" errors="0" timestamp="2025-07-29T16:59:41 IST" skipped="0">
  <testcase classname="com.onsite.credit_note_test_page.CreditNoteCreateTest" name="postCreditNote" time="6.515"/>
  <system-out/>
  <testcase classname="com.onsite.credit_note_test_page.CreditNoteCreateTest" name="getCreditNote" time="4.564"/>
  <system-out/>
</testsuite> <!-- com.onsite.credit_note_test_page.CreditNoteCreateTest -->
