<?xml version="1.0" encoding="UTF-8"?>
<!-- Generated by org.testng.reporters.JUnitReportReporter -->
<testsuite hostname="DESKTOP-JKM4S1A" failures="0" tests="2" name="com.onsite.project_test_page.ProjectCreateTest" time="3.275" errors="0" timestamp="2025-07-15T14:51:30 IST" skipped="0">
  <testcase classname="com.onsite.project_test_page.ProjectCreateTest" name="createProject" time="1.712"/>
  <system-out/>
  <testcase classname="com.onsite.project_test_page.ProjectCreateTest" name="getProject" time="1.563"/>
  <system-out/>
</testsuite> <!-- com.onsite.project_test_page.ProjectCreateTest -->
