<?xml version="1.0" encoding="UTF-8"?>
<!-- Generated by org.testng.reporters.JUnitReportReporter -->
<testsuite hostname="DESKTOP-JKM4S1A" failures="0" tests="2" name="com.onsite.test_page.ProjectCreateTest" time="2.216" errors="0" timestamp="2025-06-30T15:58:28 IST" skipped="0">
  <testcase classname="com.onsite.test_page.ProjectCreateTest" name="createProject" time="1.309"/>
  <system-out/>
  <testcase classname="com.onsite.test_page.ProjectCreateTest" name="getProject" time="0.907"/>
  <system-out/>
</testsuite> <!-- com.onsite.test_page.ProjectCreateTest -->
