<?xml version="1.0" encoding="UTF-8"?>
<!-- Generated by org.testng.reporters.JUnitReportReporter -->
<testsuite hostname="DESKTOP-JKM4S1A" failures="0" tests="3" name="com.onsite.mom_test_page.Create_MOM_Test" time="26.686" errors="0" timestamp="2025-08-14T18:09:52 IST" skipped="0">
  <testcase classname="com.onsite.mom_test_page.Create_MOM_Test" name="getCompanyUserId" time="6.830"/>
  <system-out/>
  <testcase classname="com.onsite.mom_test_page.Create_MOM_Test" name="getProjectId" time="5.676"/>
  <system-out/>
  <testcase classname="com.onsite.mom_test_page.Create_MOM_Test" name="createMOM" time="14.180"/>
  <system-out/>
</testsuite> <!-- com.onsite.mom_test_page.Create_MOM_Test -->
