<?xml version="1.0" encoding="UTF-8"?>
<!-- Generated by org.testng.reporters.JUnitReportReporter -->
<testsuite hostname="DESKTOP-JKM4S1A" failures="0" tests="4" name="com.onsite.mom_test_page.Create_MOM_Test" time="28.434" errors="0" timestamp="2025-09-04T14:57:18 IST" skipped="0">
  <testcase classname="com.onsite.mom_test_page.Create_MOM_Test" name="getCompanyUserId" time="5.783"/>
  <system-out/>
  <testcase classname="com.onsite.mom_test_page.Create_MOM_Test" name="getProjectId" time="4.669"/>
  <system-out/>
  <testcase classname="com.onsite.mom_test_page.Create_MOM_Test" name="createMOM" time="14.026"/>
  <system-out/>
  <testcase classname="com.onsite.mom_test_page.Create_MOM_Test" name="getMOM" time="3.956"/>
  <system-out/>
</testsuite> <!-- com.onsite.mom_test_page.Create_MOM_Test -->
