<?xml version="1.0" encoding="UTF-8"?>
<!-- Generated by org.testng.reporters.JUnitReportReporter -->
<testsuite hostname="DESKTOP-JKM4S1A" failures="0" tests="3" name="com.onsite.credit_note_test_page.CreditNoteEditTest" time="12.926" errors="0" timestamp="2025-07-29T16:56:34 IST" skipped="0">
  <testcase classname="com.onsite.credit_note_test_page.CreditNoteEditTest" name="editCreditNote" time="4.077"/>
  <system-out/>
  <testcase classname="com.onsite.credit_note_test_page.CreditNoteEditTest" name="editCreditNote" time="4.522"/>
  <system-out/>
  <testcase classname="com.onsite.credit_note_test_page.CreditNoteEditTest" name="getCreditNote" time="4.327"/>
  <system-out/>
</testsuite> <!-- com.onsite.credit_note_test_page.CreditNoteEditTest -->
