<?xml version="1.0" encoding="UTF-8"?>
<!-- Generated by org.testng.reporters.JUnitReportReporter -->
<testsuite hostname="DESKTOP-JKM4S1A" failures="0" tests="2" name="com.onsite.mom_test_page.Delete_MOM_Test" time="12.027" errors="0" timestamp="2025-09-08T17:29:41 IST" skipped="0">
  <testcase classname="com.onsite.mom_test_page.Delete_MOM_Test" name="getValidMoMId" time="8.270"/>
  <system-out/>
  <testcase classname="com.onsite.mom_test_page.Delete_MOM_Test" name="deleteValidMoMId" time="3.757"/>
  <system-out/>
</testsuite> <!-- com.onsite.mom_test_page.Delete_MOM_Test -->
