<?xml version="1.0" encoding="UTF-8"?>
<!-- Generated by org.testng.reporters.JUnitReportReporter -->
<testsuite hostname="DESKTOP-JKM4S1A" failures="0" tests="1" name="com.onsite.project_test_page.ProjectListTest" time="7.742" errors="0" timestamp="2025-07-01T11:28:33 IST" skipped="0">
  <testcase classname="com.onsite.project_test_page.ProjectListTest" name="getAllProjectsUsingPagination" time="7.742"/>
  <system-out/>
</testsuite> <!-- com.onsite.project_test_page.ProjectListTest -->
