<?xml version="1.0" encoding="UTF-8"?>
<!-- Generated by org.testng.reporters.JUnitReportReporter -->
<testsuite hostname="DESKTOP-JKM4S1A" failures="0" tests="2" name="com.onsite.test_page.UpdateProjectTest" time="1.665" errors="0" timestamp="2025-06-28T09:25:45 IST" skipped="0">
  <testcase classname="com.onsite.test_page.UpdateProjectTest" name="editProject" time="0.980"/>
  <system-out/>
  <testcase classname="com.onsite.test_page.UpdateProjectTest" name="getUpdatedProject" time="0.685"/>
  <system-out/>
</testsuite> <!-- com.onsite.test_page.UpdateProjectTest -->
