<?xml version="1.0" encoding="UTF-8"?>
<!-- Generated by org.testng.reporters.JUnitReportReporter -->
<testsuite hostname="DESKTOP-JKM4S1A" failures="0" tests="2" name="com.onsite.test_page.ProjectUpdateTest" time="1.974" errors="0" timestamp="2025-06-30T15:58:28 IST" skipped="0">
  <testcase classname="com.onsite.test_page.ProjectUpdateTest" name="editProject" time="1.302"/>
  <system-out/>
  <testcase classname="com.onsite.test_page.ProjectUpdateTest" name="getUpdatedProject" time="0.672"/>
  <system-out/>
</testsuite> <!-- com.onsite.test_page.ProjectUpdateTest -->
