<?xml version="1.0" encoding="UTF-8"?>
<!-- Generated by org.testng.reporters.JUnitReportReporter -->
<testsuite hostname="DESKTOP-JKM4S1A" failures="0" tests="1" name="com.onsite.project_test_page.ProjectGetTest" time="0.869" errors="0" timestamp="2025-07-15T14:51:30 IST" skipped="0">
  <testcase classname="com.onsite.project_test_page.ProjectGetTest" name="getProjectDeatils" time="0.869"/>
  <system-out/>
</testsuite> <!-- com.onsite.project_test_page.ProjectGetTest -->
