<?xml version="1.0" encoding="UTF-8"?>
<!-- Generated by org.testng.reporters.JUnitReportReporter -->
<testsuite hostname="DESKTOP-JKM4S1A" failures="0" tests="4" name="com.onsite.mom_test_page.Create_MOM_Test" time="33.450" errors="0" timestamp="2025-09-15T17:50:57 IST" skipped="0">
  <testcase classname="com.onsite.mom_test_page.Create_MOM_Test" name="getCompanyUserId" time="8.599"/>
  <system-out/>
  <testcase classname="com.onsite.mom_test_page.Create_MOM_Test" name="getProjectId" time="5.364"/>
  <system-out/>
  <testcase classname="com.onsite.mom_test_page.Create_MOM_Test" name="createMOM" time="15.830"/>
  <system-out/>
  <testcase classname="com.onsite.mom_test_page.Create_MOM_Test" name="getMOM" time="3.657"/>
  <system-out/>
</testsuite> <!-- com.onsite.mom_test_page.Create_MOM_Test -->
