<?xml version="1.0" encoding="UTF-8"?>
<!-- Generated by org.testng.reporters.JUnitReportReporter -->
<testsuite hostname="DESKTOP-JKM4S1A" failures="0" tests="1" name="com.onsite.mockserver.MockServerTest" time="1.924" errors="0" timestamp="2025-07-26T18:57:58 IST" skipped="0">
  <testcase classname="com.onsite.mockserver.MockServerTest" name="testMockedUserAPI" time="1.924"/>
  <system-out/>
</testsuite> <!-- com.onsite.mockserver.MockServerTest -->
